c:\snifferui\snifferui\debug\snifferui.pch
c:\snifferui\snifferui\debug\vc120.pdb
c:\snifferui\snifferui\debug\vc120.idb
c:\snifferui\snifferui\debug\stdafx.obj
c:\snifferui\snifferui\debug\snifferui.obj
c:\snifferui\snifferui\debug\snifferuidlg.obj
c:\snifferui\debug\snifferui.ilk
c:\snifferui\debug\snifferui.exe
c:\snifferui\debug\snifferui.pdb
c:\snifferui\snifferui\debug\snifferui.exe.embed.manifest.res
c:\snifferui\snifferui\debug\snifferui.res
c:\snifferui\snifferui\debug\snifferui.exe.embed.manifest
c:\snifferui\snifferui\debug\snifferui_manifest.rc
c:\snifferui\snifferui\debug\snifferui.tlog\cl.command.1.tlog
c:\snifferui\snifferui\debug\snifferui.tlog\cl.read.1.tlog
c:\snifferui\snifferui\debug\snifferui.tlog\cl.write.1.tlog
c:\snifferui\snifferui\debug\snifferui.tlog\link.command.1.tlog
c:\snifferui\snifferui\debug\snifferui.tlog\link.read.1.tlog
c:\snifferui\snifferui\debug\snifferui.tlog\link.write.1.tlog
c:\snifferui\snifferui\debug\snifferui.tlog\rc.command.1.tlog
c:\snifferui\snifferui\debug\snifferui.tlog\rc.read.1.tlog
c:\snifferui\snifferui\debug\snifferui.tlog\rc.write.1.tlog
